<?xml version="1.0" encoding="UTF-8"?>
<!-- Generated by org.testng.reporters.JUnitReportReporter -->
<testsuite skipped="0" hostname="Jaffer" name="tests.Test3" tests="1" failures="0" timestamp="23 May 2018 09:48:47 GMT" time="23.765" errors="0">
  <testcase name="testTwitterHome" time="23.765" classname="tests.Test3"/>
</testsuite> <!-- tests.Test3 -->
