<?xml version="1.0" encoding="UTF-8"?>
<!-- Generated by org.testng.reporters.JUnitReportReporter -->
<testsuite skipped="0" hostname="Jaffer" name="tests.Test2" tests="1" failures="0" timestamp="23 May 2018 09:48:47 GMT" time="22.651" errors="0">
  <testcase name="testInstagarmHome" time="22.651" classname="tests.Test2"/>
</testsuite> <!-- tests.Test2 -->
