<?xml version="1.0" encoding="UTF-8"?>
<!-- Generated by org.testng.reporters.JUnitReportReporter -->
<testsuite skipped="0" hostname="Jaffer" name="tests.Test4" tests="1" failures="0" timestamp="23 May 2018 09:48:47 GMT" time="24.879" errors="0">
  <testcase name="testLinkedInHome" time="24.879" classname="tests.Test4"/>
</testsuite> <!-- tests.Test4 -->
