<?xml version="1.0" encoding="UTF-8"?>
<!-- Generated by org.testng.reporters.JUnitReportReporter -->
<testsuite skipped="0" hostname="Jaffer" name="tests.Test1" tests="1" failures="0" timestamp="23 May 2018 09:48:47 GMT" time="19.755" errors="0">
  <testcase name="testFacebookHome" time="19.755" classname="tests.Test1"/>
</testsuite> <!-- tests.Test1 -->
